gpu14
GPU 0: NVIDIA GeForce RTX 3090 (UUID: GPU-2b32319d-51d3-8720-a43c-6e39902cc469)
Wrote 1 AF3 JSON input files to /public/home/yinyifan/protein_design/examples/epitope_scaffold/backend_comparison_20260628_195056/rfdiffusion_all_atom/array_work/design_5/prediction_inputs/af3

Running AlphaFold 3. Please note that standard AlphaFold 3 model parameters are
only available under terms of use provided at
https://github.com/google-deepmind/alphafold3/blob/main/WEIGHTS_TERMS_OF_USE.md.
If you do not agree to these terms and are using AlphaFold 3 derived model
parameters, cancel execution of AlphaFold 3 inference with CTRL-C, and do not
use the model parameters.

Found local devices: [CudaDevice(id=0)], using device 0: cuda:0
Building model from scratch...
Checking that model parameters can be loaded...

Running fold job design_5_T_0.1_sample_1_score_nan_global_score_2.5193_seq_recovery_nan...
Output will be written in /public/home/yinyifan/protein_design/examples/epitope_scaffold/backend_comparison_20260628_195056/rfdiffusion_all_atom/array_work/design_5/predictions/design_5_t_0.1_sample_1_score_nan_global_score_2.5193_seq_recovery_nan
Skipping data pipeline...
Writing model input JSON to /public/home/yinyifan/protein_design/examples/epitope_scaffold/backend_comparison_20260628_195056/rfdiffusion_all_atom/array_work/design_5/predictions/design_5_t_0.1_sample_1_score_nan_global_score_2.5193_seq_recovery_nan/design_5_t_0.1_sample_1_score_nan_global_score_2.5193_seq_recovery_nan_data.json
Predicting 3D structure for design_5_T_0.1_sample_1_score_nan_global_score_2.5193_seq_recovery_nan with 1 seed(s)...
Featurising data with 1 seed(s)...
Featurising data with seed 1.
Featurising data with seed 1 took 0.64 seconds.
Featurising data with 1 seed(s) took 5.98 seconds.
Running model inference and extracting output structure samples with 1 seed(s)...
Running model inference with seed 1...
Running model inference with seed 1 took 51.31 seconds.
Extracting output structure samples with seed 1...
Extracting 5 output structure samples with seed 1 took 0.07 seconds.
Running model inference and extracting output structures with 1 seed(s) took 51.38 seconds.
Writing outputs with 1 seed(s)...
Fold job design_5_T_0.1_sample_1_score_nan_global_score_2.5193_seq_recovery_nan done, output written to /public/home/yinyifan/protein_design/examples/epitope_scaffold/backend_comparison_20260628_195056/rfdiffusion_all_atom/array_work/design_5/predictions/design_5_t_0.1_sample_1_score_nan_global_score_2.5193_seq_recovery_nan

Done running 1 fold jobs.
[{"design_id": "design_5", "flat_json": "/public/home/yinyifan/protein_design/examples/epitope_scaffold/backend_comparison_20260628_195056/rfdiffusion_all_atom/array_work/design_5/predictions_flat/design_5.json", "flat_pdb": "/public/home/yinyifan/protein_design/examples/epitope_scaffold/backend_comparison_20260628_195056/rfdiffusion_all_atom/array_work/design_5/predictions_flat/design_5.pdb", "predictor": "af3", "source_json": "/public/home/yinyifan/protein_design/examples/epitope_scaffold/backend_comparison_20260628_195056/rfdiffusion_all_atom/array_work/design_5/predictions/design_5_t_0.1_sample_1_score_nan_global_score_2.5193_seq_recovery_nan/design_5_t_0.1_sample_1_score_nan_global_score_2.5193_seq_recovery_nan_confidences.json", "source_structure": "/public/home/yinyifan/protein_design/examples/epitope_scaffold/backend_comparison_20260628_195056/rfdiffusion_all_atom/array_work/design_5/predictions/design_5_t_0.1_sample_1_score_nan_global_score_2.5193_seq_recovery_nan/design_5_t_0.1_sample_1_score_nan_global_score_2.5193_seq_recovery_nan_model.cif", "structure_action": "converted_cif_to_pdb"}]
