2026-06-29T00:04:55+08:00
Install mode: conda env python=3.11, torch==2.6.0+cu124, boltz editable without [cuda] extra to avoid CUDA 13 resolver.
Channels:
 - defaults
Platform: linux-64
Collecting package metadata (repodata.json): ...working... done
Solving environment: ...working... done

## Package Plan ##

  environment location: /public/home/yinyifan/protein_design/envs/boltz

  added / updated specs:
    - pip
    - python=3.11


The following NEW packages will be INSTALLED:

  _libgcc_mutex      pkgs/main/linux-64::_libgcc_mutex-0.1-main 
  _openmp_mutex      pkgs/main/linux-64::_openmp_mutex-5.1-52_gnu 
  bzip2              pkgs/main/linux-64::bzip2-1.0.8-h5eee18b_6 
  ca-certificates    pkgs/main/linux-64::ca-certificates-2026.5.14-h06a4308_0 
  ld_impl_linux-64   pkgs/main/linux-64::ld_impl_linux-64-2.44-h9e0c5a2_3 
  libexpat           pkgs/main/linux-64::libexpat-2.8.1-h7354ed3_1 
  libffi             pkgs/main/linux-64::libffi-3.4.8-h06d3fd0_3 
  libgcc             pkgs/main/linux-64::libgcc-15.2.0-h69a1729_8 
  libgcc-ng          pkgs/main/linux-64::libgcc-ng-15.2.0-h166f726_8 
  libnsl             pkgs/main/linux-64::libnsl-2.0.0-h5eee18b_0 
  libstdcxx          pkgs/main/linux-64::libstdcxx-15.2.0-h39759b7_8 
  libuuid            pkgs/main/linux-64::libuuid-1.41.5-h5eee18b_0 
  libxcb             pkgs/main/linux-64::libxcb-1.17.0-h9b100fa_0 
  libzlib            pkgs/main/linux-64::libzlib-1.3.2-h47b2149_0 
  ncurses            pkgs/main/linux-64::ncurses-6.5-h7934f7d_0 
  openssl            pkgs/main/linux-64::openssl-3.5.7-h1b28b03_0 
  packaging          pkgs/main/linux-64::packaging-26.0-py311h06a4308_0 
  pip                pkgs/main/noarch::pip-26.1.2-pyhc872135_0 
  pthread-stubs      pkgs/main/linux-64::pthread-stubs-0.3-h0ce48e5_1 
  python             pkgs/main/linux-64::python-3.11.15-h17756b0_1 
  readline           pkgs/main/linux-64::readline-8.3-hc2a1206_0 
  setuptools         pkgs/main/linux-64::setuptools-82.0.1-py311h06a4308_0 
  sqlite             pkgs/main/linux-64::sqlite-3.53.2-h795bf6d_0 
  tk                 pkgs/main/linux-64::tk-8.6.15-h54e0aa7_0 
  tzdata             pkgs/main/noarch::tzdata-2026b-he532380_0 
  wheel              pkgs/main/linux-64::wheel-0.47.0-py311h06a4308_0 
  xorg-libx11        pkgs/main/linux-64::xorg-libx11-1.8.12-h9b100fa_1 
  xorg-libxau        pkgs/main/linux-64::xorg-libxau-1.0.12-h9b100fa_0 
  xorg-libxdmcp      pkgs/main/linux-64::xorg-libxdmcp-1.1.5-h9b100fa_0 
  xorg-xorgproto     pkgs/main/linux-64::xorg-xorgproto-2024.1-h47b2149_2 
  xz                 pkgs/main/linux-64::xz-5.8.2-h448239c_0 
  zlib               pkgs/main/linux-64::zlib-1.3.2-h47b2149_0 



Downloading and Extracting Packages: ...working... done
Preparing transaction: ...working... done
Verifying transaction: ...working... done
Executing transaction: ...working... done
#
# To activate this environment, use
#
#     $ conda activate /public/home/yinyifan/protein_design/envs/boltz
#
# To deactivate an active environment, use
#
#     $ conda deactivate

Looking in indexes: https://download.pytorch.org/whl/cu124
Collecting torch==2.6.0
  Using cached torch-2.6.0%2Bcu124-cp311-cp311-linux_x86_64.whl.metadata (28 kB)
Collecting filelock (from torch==2.6.0)
  Using cached filelock-3.29.0-py3-none-any.whl.metadata (2.0 kB)
Collecting typing-extensions>=4.10.0 (from torch==2.6.0)
  Using cached typing_extensions-4.15.0-py3-none-any.whl.metadata (3.3 kB)
Collecting networkx (from torch==2.6.0)
  Using cached networkx-3.6.1-py3-none-any.whl.metadata (6.8 kB)
Collecting jinja2 (from torch==2.6.0)
  Using cached jinja2-3.1.6-py3-none-any.whl.metadata (2.9 kB)
Collecting fsspec (from torch==2.6.0)
  Using cached fsspec-2026.4.0-py3-none-any.whl.metadata (10 kB)
Collecting nvidia-cuda-nvrtc-cu12==12.4.127 (from torch==2.6.0)
  Using cached nvidia_cuda_nvrtc_cu12-12.4.127-py3-none-manylinux2014_x86_64.whl (24.6 MB)
Collecting nvidia-cuda-runtime-cu12==12.4.127 (from torch==2.6.0)
  Using cached nvidia_cuda_runtime_cu12-12.4.127-py3-none-manylinux2014_x86_64.whl (883 kB)
Collecting nvidia-cuda-cupti-cu12==12.4.127 (from torch==2.6.0)
  Using cached nvidia_cuda_cupti_cu12-12.4.127-py3-none-manylinux2014_x86_64.whl (13.8 MB)
Collecting nvidia-cudnn-cu12==9.1.0.70 (from torch==2.6.0)
  Using cached nvidia_cudnn_cu12-9.1.0.70-py3-none-manylinux2014_x86_64.whl (664.8 MB)
Collecting nvidia-cublas-cu12==12.4.5.8 (from torch==2.6.0)
  Using cached nvidia_cublas_cu12-12.4.5.8-py3-none-manylinux2014_x86_64.whl (363.4 MB)
Collecting nvidia-cufft-cu12==11.2.1.3 (from torch==2.6.0)
  Using cached nvidia_cufft_cu12-11.2.1.3-py3-none-manylinux2014_x86_64.whl (211.5 MB)
Collecting nvidia-curand-cu12==10.3.5.147 (from torch==2.6.0)
  Using cached nvidia_curand_cu12-10.3.5.147-py3-none-manylinux2014_x86_64.whl (56.3 MB)
Collecting nvidia-cusolver-cu12==11.6.1.9 (from torch==2.6.0)
  Using cached nvidia_cusolver_cu12-11.6.1.9-py3-none-manylinux2014_x86_64.whl (127.9 MB)
Collecting nvidia-cusparse-cu12==12.3.1.170 (from torch==2.6.0)
  Using cached nvidia_cusparse_cu12-12.3.1.170-py3-none-manylinux2014_x86_64.whl (207.5 MB)
Collecting nvidia-cusparselt-cu12==0.6.2 (from torch==2.6.0)
  Using cached nvidia_cusparselt_cu12-0.6.2-py3-none-manylinux2014_x86_64.whl.metadata (6.8 kB)
Collecting nvidia-nccl-cu12==2.21.5 (from torch==2.6.0)
  Using cached nvidia_nccl_cu12-2.21.5-py3-none-manylinux2014_x86_64.whl (188.7 MB)
Collecting nvidia-nvtx-cu12==12.4.127 (from torch==2.6.0)
  Using cached nvidia_nvtx_cu12-12.4.127-py3-none-manylinux2014_x86_64.whl (99 kB)
Collecting nvidia-nvjitlink-cu12==12.4.127 (from torch==2.6.0)
  Using cached nvidia_nvjitlink_cu12-12.4.127-py3-none-manylinux2014_x86_64.whl (21.1 MB)
Collecting triton==3.2.0 (from torch==2.6.0)
  Using cached triton-3.2.0-cp311-cp311-manylinux_2_27_x86_64.manylinux_2_28_x86_64.whl.metadata (1.4 kB)
Collecting sympy==1.13.1 (from torch==2.6.0)
  Using cached sympy-1.13.1-py3-none-any.whl.metadata (12 kB)
Collecting mpmath<1.4,>=1.1.0 (from sympy==1.13.1->torch==2.6.0)
  Using cached mpmath-1.3.0-py3-none-any.whl.metadata (8.6 kB)
Collecting MarkupSafe>=2.0 (from jinja2->torch==2.6.0)
  Using cached markupsafe-3.0.3-cp311-cp311-manylinux2014_x86_64.manylinux_2_17_x86_64.manylinux_2_28_x86_64.whl.metadata (2.7 kB)
Using cached torch-2.6.0%2Bcu124-cp311-cp311-linux_x86_64.whl (768.5 MB)
Using cached nvidia_cusparselt_cu12-0.6.2-py3-none-manylinux2014_x86_64.whl (150.1 MB)
Using cached sympy-1.13.1-py3-none-any.whl (6.2 MB)
Using cached triton-3.2.0-cp311-cp311-manylinux_2_27_x86_64.manylinux_2_28_x86_64.whl (166.7 MB)
Using cached mpmath-1.3.0-py3-none-any.whl (536 kB)
Using cached typing_extensions-4.15.0-py3-none-any.whl (44 kB)
Using cached filelock-3.29.0-py3-none-any.whl (39 kB)
Using cached fsspec-2026.4.0-py3-none-any.whl (203 kB)
Using cached jinja2-3.1.6-py3-none-any.whl (134 kB)
Using cached markupsafe-3.0.3-cp311-cp311-manylinux2014_x86_64.manylinux_2_17_x86_64.manylinux_2_28_x86_64.whl (22 kB)
Using cached networkx-3.6.1-py3-none-any.whl (2.1 MB)
Installing collected packages: triton, nvidia-cusparselt-cu12, mpmath, typing-extensions, sympy, nvidia-nvtx-cu12, nvidia-nvjitlink-cu12, nvidia-nccl-cu12, nvidia-curand-cu12, nvidia-cufft-cu12, nvidia-cuda-runtime-cu12, nvidia-cuda-nvrtc-cu12, nvidia-cuda-cupti-cu12, nvidia-cublas-cu12, networkx, MarkupSafe, fsspec, filelock, nvidia-cusparse-cu12, nvidia-cudnn-cu12, jinja2, nvidia-cusolver-cu12, torch

Successfully installed MarkupSafe-3.0.3 filelock-3.29.0 fsspec-2026.4.0 jinja2-3.1.6 mpmath-1.3.0 networkx-3.6.1 nvidia-cublas-cu12-12.4.5.8 nvidia-cuda-cupti-cu12-12.4.127 nvidia-cuda-nvrtc-cu12-12.4.127 nvidia-cuda-runtime-cu12-12.4.127 nvidia-cudnn-cu12-9.1.0.70 nvidia-cufft-cu12-11.2.1.3 nvidia-curand-cu12-10.3.5.147 nvidia-cusolver-cu12-11.6.1.9 nvidia-cusparse-cu12-12.3.1.170 nvidia-cusparselt-cu12-0.6.2 nvidia-nccl-cu12-2.21.5 nvidia-nvjitlink-cu12-12.4.127 nvidia-nvtx-cu12-12.4.127 sympy-1.13.1 torch-2.6.0+cu124 triton-3.2.0 typing-extensions-4.15.0
Obtaining file:///public/home/yinyifan/protein_design/repos/boltz
  Installing build dependencies: started
  Installing build dependencies: finished with status 'done'
  Checking if build backend supports build_editable: started
  Checking if build backend supports build_editable: finished with status 'done'
  Getting requirements to build editable: started
  Getting requirements to build editable: finished with status 'done'
  Preparing editable metadata (pyproject.toml): started
  Preparing editable metadata (pyproject.toml): finished with status 'done'
Requirement already satisfied: torch>=2.2 in ./envs/boltz/lib/python3.11/site-packages (from boltz==2.2.1) (2.6.0+cu124)
Collecting numpy<2.0,>=1.26 (from boltz==2.2.1)
  Using cached numpy-1.26.4-cp311-cp311-manylinux_2_17_x86_64.manylinux2014_x86_64.whl.metadata (61 kB)
Collecting hydra-core==1.3.2 (from boltz==2.2.1)
  Using cached hydra_core-1.3.2-py3-none-any.whl.metadata (5.5 kB)
Collecting pytorch-lightning==2.5.0 (from boltz==2.2.1)
  Using cached pytorch_lightning-2.5.0-py3-none-any.whl.metadata (21 kB)
Collecting rdkit>=2024.3.2 (from boltz==2.2.1)
  Using cached rdkit-2026.3.3-cp311-cp311-manylinux_2_28_x86_64.whl.metadata (3.8 kB)
Collecting dm-tree==0.1.8 (from boltz==2.2.1)
  Using cached dm_tree-0.1.8-cp311-cp311-manylinux_2_17_x86_64.manylinux2014_x86_64.whl.metadata (1.9 kB)
Collecting requests==2.32.3 (from boltz==2.2.1)
  Using cached requests-2.32.3-py3-none-any.whl.metadata (4.6 kB)
Collecting pandas>=2.2.2 (from boltz==2.2.1)
  Using cached pandas-3.0.4-cp311-cp311-manylinux_2_24_x86_64.manylinux_2_28_x86_64.whl.metadata (79 kB)
Collecting types-requests (from boltz==2.2.1)
  Using cached types_requests-2.33.0.20260518-py3-none-any.whl.metadata (2.2 kB)
Collecting einops==0.8.0 (from boltz==2.2.1)
  Using cached einops-0.8.0-py3-none-any.whl.metadata (12 kB)
Collecting einx==0.3.0 (from boltz==2.2.1)
  Using cached einx-0.3.0-py3-none-any.whl.metadata (6.9 kB)
Collecting fairscale==0.4.13 (from boltz==2.2.1)
  Using cached fairscale-0.4.13-py3-none-any.whl
Collecting mashumaro==3.14 (from boltz==2.2.1)
  Using cached mashumaro-3.14-py3-none-any.whl.metadata (114 kB)
Collecting modelcif==1.2 (from boltz==2.2.1)
  Using cached modelcif-1.2-py3-none-any.whl
Collecting wandb==0.18.7 (from boltz==2.2.1)
  Using cached wandb-0.18.7-py3-none-manylinux_2_17_x86_64.manylinux2014_x86_64.whl.metadata (9.7 kB)
Collecting click==8.1.7 (from boltz==2.2.1)
  Using cached click-8.1.7-py3-none-any.whl.metadata (3.0 kB)
Collecting pyyaml==6.0.2 (from boltz==2.2.1)
  Using cached PyYAML-6.0.2-cp311-cp311-manylinux_2_17_x86_64.manylinux2014_x86_64.whl.metadata (2.1 kB)
Collecting biopython==1.84 (from boltz==2.2.1)
  Using cached biopython-1.84-cp311-cp311-manylinux_2_17_x86_64.manylinux2014_x86_64.whl.metadata (12 kB)
Collecting scipy==1.13.1 (from boltz==2.2.1)
  Using cached scipy-1.13.1-cp311-cp311-manylinux_2_17_x86_64.manylinux2014_x86_64.whl.metadata (60 kB)
Collecting numba==0.61.0 (from boltz==2.2.1)
  Using cached numba-0.61.0-cp311-cp311-manylinux2014_x86_64.manylinux_2_17_x86_64.whl.metadata (2.8 kB)
Collecting gemmi==0.6.5 (from boltz==2.2.1)
  Using cached gemmi-0.6.5-cp311-cp311-manylinux_2_17_x86_64.manylinux2014_x86_64.whl.metadata (2.3 kB)
Collecting scikit-learn==1.6.1 (from boltz==2.2.1)
  Using cached scikit_learn-1.6.1-cp311-cp311-manylinux_2_17_x86_64.manylinux2014_x86_64.whl.metadata (18 kB)
Collecting chembl_structure_pipeline==1.2.2 (from boltz==2.2.1)
  Using cached chembl_structure_pipeline-1.2.2-py3-none-any.whl.metadata (3.9 kB)
Requirement already satisfied: setuptools>=46.4.0 in ./envs/boltz/lib/python3.11/site-packages (from chembl_structure_pipeline==1.2.2->boltz==2.2.1) (82.0.1)
Requirement already satisfied: sympy in ./envs/boltz/lib/python3.11/site-packages (from einx==0.3.0->boltz==2.2.1) (1.13.1)
Collecting frozendict (from einx==0.3.0->boltz==2.2.1)
  Using cached frozendict-2.4.7-py3-none-any.whl.metadata (23 kB)
Collecting omegaconf<2.4,>=2.2 (from hydra-core==1.3.2->boltz==2.2.1)
  Using cached omegaconf-2.3.1-py3-none-any.whl.metadata (4.5 kB)
Collecting antlr4-python3-runtime==4.9.* (from hydra-core==1.3.2->boltz==2.2.1)
  Using cached antlr4_python3_runtime-4.9.3-py3-none-any.whl
Requirement already satisfied: packaging in ./envs/boltz/lib/python3.11/site-packages (from hydra-core==1.3.2->boltz==2.2.1) (26.0)
Requirement already satisfied: typing-extensions>=4.1.0 in ./envs/boltz/lib/python3.11/site-packages (from mashumaro==3.14->boltz==2.2.1) (4.15.0)
Collecting ihm>=1.7 (from modelcif==1.2->boltz==2.2.1)
  Using cached ihm-2.11-cp311-cp311-linux_x86_64.whl
Collecting llvmlite<0.45,>=0.44.0dev0 (from numba==0.61.0->boltz==2.2.1)
  Using cached llvmlite-0.44.0-cp311-cp311-manylinux_2_17_x86_64.manylinux2014_x86_64.whl.metadata (4.8 kB)
Collecting tqdm>=4.57.0 (from pytorch-lightning==2.5.0->boltz==2.2.1)
  Using cached tqdm-4.68.3-py3-none-any.whl.metadata (57 kB)
Requirement already satisfied: fsspec>=2022.5.0 in ./envs/boltz/lib/python3.11/site-packages (from fsspec[http]>=2022.5.0->pytorch-lightning==2.5.0->boltz==2.2.1) (2026.4.0)
Collecting torchmetrics>=0.7.0 (from pytorch-lightning==2.5.0->boltz==2.2.1)
  Using cached torchmetrics-1.9.0-py3-none-any.whl.metadata (23 kB)
Collecting lightning-utilities>=0.10.0 (from pytorch-lightning==2.5.0->boltz==2.2.1)
  Using cached lightning_utilities-0.15.3-py3-none-any.whl.metadata (5.5 kB)
Collecting charset-normalizer<4,>=2 (from requests==2.32.3->boltz==2.2.1)
  Using cached charset_normalizer-3.4.7-cp311-cp311-manylinux2014_x86_64.manylinux_2_17_x86_64.manylinux_2_28_x86_64.whl.metadata (40 kB)
Collecting idna<4,>=2.5 (from requests==2.32.3->boltz==2.2.1)
  Using cached idna-3.18-py3-none-any.whl.metadata (6.1 kB)
Collecting urllib3<3,>=1.21.1 (from requests==2.32.3->boltz==2.2.1)
  Using cached urllib3-2.7.0-py3-none-any.whl.metadata (6.9 kB)
Collecting certifi>=2017.4.17 (from requests==2.32.3->boltz==2.2.1)
  Using cached certifi-2026.6.17-py3-none-any.whl.metadata (2.5 kB)
Collecting joblib>=1.2.0 (from scikit-learn==1.6.1->boltz==2.2.1)
  Using cached joblib-1.5.3-py3-none-any.whl.metadata (5.5 kB)
Collecting threadpoolctl>=3.1.0 (from scikit-learn==1.6.1->boltz==2.2.1)
  Using cached threadpoolctl-3.6.0-py3-none-any.whl.metadata (13 kB)
Collecting docker-pycreds>=0.4.0 (from wandb==0.18.7->boltz==2.2.1)
  Using cached docker_pycreds-0.4.0-py2.py3-none-any.whl.metadata (1.8 kB)
Collecting gitpython!=3.1.29,>=1.0.0 (from wandb==0.18.7->boltz==2.2.1)
  Using cached gitpython-3.1.50-py3-none-any.whl.metadata (14 kB)
Collecting platformdirs (from wandb==0.18.7->boltz==2.2.1)
  Using cached platformdirs-4.10.0-py3-none-any.whl.metadata (5.5 kB)
Collecting protobuf!=4.21.0,!=5.28.0,<6,>=3.19.0 (from wandb==0.18.7->boltz==2.2.1)
  Using cached protobuf-5.29.6-cp38-abi3-manylinux2014_x86_64.whl.metadata (592 bytes)
Collecting psutil>=5.0.0 (from wandb==0.18.7->boltz==2.2.1)
  Using cached psutil-7.2.2-cp36-abi3-manylinux2010_x86_64.manylinux_2_12_x86_64.manylinux_2_28_x86_64.whl.metadata (22 kB)
Collecting sentry-sdk>=2.0.0 (from wandb==0.18.7->boltz==2.2.1)
  Using cached sentry_sdk-2.63.0-py3-none-any.whl.metadata (10 kB)
Collecting setproctitle (from wandb==0.18.7->boltz==2.2.1)
  Using cached setproctitle-1.3.7-cp311-cp311-manylinux1_x86_64.manylinux_2_28_x86_64.manylinux_2_5_x86_64.whl.metadata (10 kB)
Collecting six>=1.4.0 (from docker-pycreds>=0.4.0->wandb==0.18.7->boltz==2.2.1)
  Using cached six-1.17.0-py2.py3-none-any.whl.metadata (1.7 kB)
Collecting aiohttp!=4.0.0a0,!=4.0.0a1 (from fsspec[http]>=2022.5.0->pytorch-lightning==2.5.0->boltz==2.2.1)
  Using cached aiohttp-3.14.1-cp311-cp311-manylinux2014_x86_64.manylinux_2_17_x86_64.manylinux_2_28_x86_64.whl.metadata (8.3 kB)
Collecting aiohappyeyeballs>=2.5.0 (from aiohttp!=4.0.0a0,!=4.0.0a1->fsspec[http]>=2022.5.0->pytorch-lightning==2.5.0->boltz==2.2.1)
  Using cached aiohappyeyeballs-2.6.2-py3-none-any.whl.metadata (5.9 kB)
Collecting aiosignal>=1.4.0 (from aiohttp!=4.0.0a0,!=4.0.0a1->fsspec[http]>=2022.5.0->pytorch-lightning==2.5.0->boltz==2.2.1)
  Using cached aiosignal-1.4.0-py3-none-any.whl.metadata (3.7 kB)
Collecting attrs>=17.3.0 (from aiohttp!=4.0.0a0,!=4.0.0a1->fsspec[http]>=2022.5.0->pytorch-lightning==2.5.0->boltz==2.2.1)
  Using cached attrs-26.1.0-py3-none-any.whl.metadata (8.8 kB)
Collecting frozenlist>=1.1.1 (from aiohttp!=4.0.0a0,!=4.0.0a1->fsspec[http]>=2022.5.0->pytorch-lightning==2.5.0->boltz==2.2.1)
  Using cached frozenlist-1.8.0-cp311-cp311-manylinux1_x86_64.manylinux_2_28_x86_64.manylinux_2_5_x86_64.whl.metadata (20 kB)
Collecting multidict<7.0,>=4.5 (from aiohttp!=4.0.0a0,!=4.0.0a1->fsspec[http]>=2022.5.0->pytorch-lightning==2.5.0->boltz==2.2.1)
  Using cached multidict-6.7.1-cp311-cp311-manylinux2014_x86_64.manylinux_2_17_x86_64.manylinux_2_28_x86_64.whl.metadata (5.3 kB)
Collecting propcache>=0.2.0 (from aiohttp!=4.0.0a0,!=4.0.0a1->fsspec[http]>=2022.5.0->pytorch-lightning==2.5.0->boltz==2.2.1)
  Using cached propcache-0.5.2-cp311-cp311-manylinux2014_x86_64.manylinux_2_17_x86_64.manylinux_2_28_x86_64.whl.metadata (16 kB)
Collecting yarl<2.0,>=1.17.0 (from aiohttp!=4.0.0a0,!=4.0.0a1->fsspec[http]>=2022.5.0->pytorch-lightning==2.5.0->boltz==2.2.1)
  Using cached yarl-1.24.2-cp311-cp311-manylinux2014_x86_64.manylinux_2_17_x86_64.manylinux_2_28_x86_64.whl.metadata (94 kB)
Collecting gitdb<5,>=4.0.1 (from gitpython!=3.1.29,>=1.0.0->wandb==0.18.7->boltz==2.2.1)
  Using cached gitdb-4.0.12-py3-none-any.whl.metadata (1.2 kB)
Collecting smmap<6,>=3.0.1 (from gitdb<5,>=4.0.1->gitpython!=3.1.29,>=1.0.0->wandb==0.18.7->boltz==2.2.1)
  Using cached smmap-5.0.3-py3-none-any.whl.metadata (4.6 kB)
Collecting msgpack (from ihm>=1.7->modelcif==1.2->boltz==2.2.1)
  Using cached msgpack-1.2.1-cp311-cp311-manylinux2014_x86_64.manylinux_2_17_x86_64.manylinux_2_28_x86_64.whl.metadata (8.3 kB)
Collecting python-dateutil>=2.8.2 (from pandas>=2.2.2->boltz==2.2.1)
  Using cached python_dateutil-2.9.0.post0-py2.py3-none-any.whl.metadata (8.4 kB)
Collecting Pillow (from rdkit>=2024.3.2->boltz==2.2.1)
  Using cached pillow-12.2.0-cp311-cp311-manylinux_2_27_x86_64.manylinux_2_28_x86_64.whl.metadata (8.8 kB)
Requirement already satisfied: filelock in ./envs/boltz/lib/python3.11/site-packages (from torch>=2.2->boltz==2.2.1) (3.29.0)
Requirement already satisfied: networkx in ./envs/boltz/lib/python3.11/site-packages (from torch>=2.2->boltz==2.2.1) (3.6.1)
Requirement already satisfied: jinja2 in ./envs/boltz/lib/python3.11/site-packages (from torch>=2.2->boltz==2.2.1) (3.1.6)
Requirement already satisfied: nvidia-cuda-nvrtc-cu12==12.4.127 in ./envs/boltz/lib/python3.11/site-packages (from torch>=2.2->boltz==2.2.1) (12.4.127)
Requirement already satisfied: nvidia-cuda-runtime-cu12==12.4.127 in ./envs/boltz/lib/python3.11/site-packages (from torch>=2.2->boltz==2.2.1) (12.4.127)
Requirement already satisfied: nvidia-cuda-cupti-cu12==12.4.127 in ./envs/boltz/lib/python3.11/site-packages (from torch>=2.2->boltz==2.2.1) (12.4.127)
Requirement already satisfied: nvidia-cudnn-cu12==9.1.0.70 in ./envs/boltz/lib/python3.11/site-packages (from torch>=2.2->boltz==2.2.1) (9.1.0.70)
Requirement already satisfied: nvidia-cublas-cu12==12.4.5.8 in ./envs/boltz/lib/python3.11/site-packages (from torch>=2.2->boltz==2.2.1) (12.4.5.8)
Requirement already satisfied: nvidia-cufft-cu12==11.2.1.3 in ./envs/boltz/lib/python3.11/site-packages (from torch>=2.2->boltz==2.2.1) (11.2.1.3)
Requirement already satisfied: nvidia-curand-cu12==10.3.5.147 in ./envs/boltz/lib/python3.11/site-packages (from torch>=2.2->boltz==2.2.1) (10.3.5.147)
Requirement already satisfied: nvidia-cusolver-cu12==11.6.1.9 in ./envs/boltz/lib/python3.11/site-packages (from torch>=2.2->boltz==2.2.1) (11.6.1.9)
Requirement already satisfied: nvidia-cusparse-cu12==12.3.1.170 in ./envs/boltz/lib/python3.11/site-packages (from torch>=2.2->boltz==2.2.1) (12.3.1.170)
Requirement already satisfied: nvidia-cusparselt-cu12==0.6.2 in ./envs/boltz/lib/python3.11/site-packages (from torch>=2.2->boltz==2.2.1) (0.6.2)
Requirement already satisfied: nvidia-nccl-cu12==2.21.5 in ./envs/boltz/lib/python3.11/site-packages (from torch>=2.2->boltz==2.2.1) (2.21.5)
Requirement already satisfied: nvidia-nvtx-cu12==12.4.127 in ./envs/boltz/lib/python3.11/site-packages (from torch>=2.2->boltz==2.2.1) (12.4.127)
Requirement already satisfied: nvidia-nvjitlink-cu12==12.4.127 in ./envs/boltz/lib/python3.11/site-packages (from torch>=2.2->boltz==2.2.1) (12.4.127)
Requirement already satisfied: triton==3.2.0 in ./envs/boltz/lib/python3.11/site-packages (from torch>=2.2->boltz==2.2.1) (3.2.0)
Requirement already satisfied: mpmath<1.4,>=1.1.0 in ./envs/boltz/lib/python3.11/site-packages (from sympy->einx==0.3.0->boltz==2.2.1) (1.3.0)
Requirement already satisfied: MarkupSafe>=2.0 in ./envs/boltz/lib/python3.11/site-packages (from jinja2->torch>=2.2->boltz==2.2.1) (3.0.3)
Using cached biopython-1.84-cp311-cp311-manylinux_2_17_x86_64.manylinux2014_x86_64.whl (3.2 MB)
Using cached chembl_structure_pipeline-1.2.2-py3-none-any.whl (17 kB)
Using cached click-8.1.7-py3-none-any.whl (97 kB)
Using cached dm_tree-0.1.8-cp311-cp311-manylinux_2_17_x86_64.manylinux2014_x86_64.whl (152 kB)
Using cached einops-0.8.0-py3-none-any.whl (43 kB)
Using cached einx-0.3.0-py3-none-any.whl (102 kB)
Using cached gemmi-0.6.5-cp311-cp311-manylinux_2_17_x86_64.manylinux2014_x86_64.whl (3.2 MB)
Using cached hydra_core-1.3.2-py3-none-any.whl (154 kB)
Using cached mashumaro-3.14-py3-none-any.whl (92 kB)
Using cached numba-0.61.0-cp311-cp311-manylinux2014_x86_64.manylinux_2_17_x86_64.whl (3.8 MB)
Using cached pytorch_lightning-2.5.0-py3-none-any.whl (819 kB)
Using cached PyYAML-6.0.2-cp311-cp311-manylinux_2_17_x86_64.manylinux2014_x86_64.whl (762 kB)
Using cached requests-2.32.3-py3-none-any.whl (64 kB)
Using cached scikit_learn-1.6.1-cp311-cp311-manylinux_2_17_x86_64.manylinux2014_x86_64.whl (13.5 MB)
Using cached scipy-1.13.1-cp311-cp311-manylinux_2_17_x86_64.manylinux2014_x86_64.whl (38.6 MB)
Using cached wandb-0.18.7-py3-none-manylinux_2_17_x86_64.manylinux2014_x86_64.whl (16.1 MB)
Using cached charset_normalizer-3.4.7-cp311-cp311-manylinux2014_x86_64.manylinux_2_17_x86_64.manylinux_2_28_x86_64.whl (214 kB)
Using cached idna-3.18-py3-none-any.whl (65 kB)
Using cached llvmlite-0.44.0-cp311-cp311-manylinux_2_17_x86_64.manylinux2014_x86_64.whl (42.4 MB)
Using cached numpy-1.26.4-cp311-cp311-manylinux_2_17_x86_64.manylinux2014_x86_64.whl (18.3 MB)
Using cached omegaconf-2.3.1-py3-none-any.whl (79 kB)
Using cached protobuf-5.29.6-cp38-abi3-manylinux2014_x86_64.whl (320 kB)
Using cached urllib3-2.7.0-py3-none-any.whl (131 kB)
Using cached certifi-2026.6.17-py3-none-any.whl (133 kB)
Using cached docker_pycreds-0.4.0-py2.py3-none-any.whl (9.0 kB)
Using cached aiohttp-3.14.1-cp311-cp311-manylinux2014_x86_64.manylinux_2_17_x86_64.manylinux_2_28_x86_64.whl (1.8 MB)
Using cached multidict-6.7.1-cp311-cp311-manylinux2014_x86_64.manylinux_2_17_x86_64.manylinux_2_28_x86_64.whl (246 kB)
Using cached yarl-1.24.2-cp311-cp311-manylinux2014_x86_64.manylinux_2_17_x86_64.manylinux_2_28_x86_64.whl (106 kB)
Using cached aiohappyeyeballs-2.6.2-py3-none-any.whl (15 kB)
Using cached aiosignal-1.4.0-py3-none-any.whl (7.5 kB)
Using cached attrs-26.1.0-py3-none-any.whl (67 kB)
Using cached frozenlist-1.8.0-cp311-cp311-manylinux1_x86_64.manylinux_2_28_x86_64.manylinux_2_5_x86_64.whl (231 kB)
Using cached gitpython-3.1.50-py3-none-any.whl (212 kB)
Using cached gitdb-4.0.12-py3-none-any.whl (62 kB)
Using cached smmap-5.0.3-py3-none-any.whl (24 kB)
Using cached joblib-1.5.3-py3-none-any.whl (309 kB)
Using cached lightning_utilities-0.15.3-py3-none-any.whl (31 kB)
Using cached pandas-3.0.4-cp311-cp311-manylinux_2_24_x86_64.manylinux_2_28_x86_64.whl (11.1 MB)
Using cached propcache-0.5.2-cp311-cp311-manylinux2014_x86_64.manylinux_2_17_x86_64.manylinux_2_28_x86_64.whl (58 kB)
Using cached psutil-7.2.2-cp36-abi3-manylinux2010_x86_64.manylinux_2_12_x86_64.manylinux_2_28_x86_64.whl (155 kB)
Using cached python_dateutil-2.9.0.post0-py2.py3-none-any.whl (229 kB)
Using cached rdkit-2026.3.3-cp311-cp311-manylinux_2_28_x86_64.whl (37.3 MB)
Using cached sentry_sdk-2.63.0-py3-none-any.whl (495 kB)
Using cached six-1.17.0-py2.py3-none-any.whl (11 kB)
Using cached threadpoolctl-3.6.0-py3-none-any.whl (18 kB)
Using cached torchmetrics-1.9.0-py3-none-any.whl (983 kB)
Using cached tqdm-4.68.3-py3-none-any.whl (78 kB)
Using cached frozendict-2.4.7-py3-none-any.whl (16 kB)
Using cached msgpack-1.2.1-cp311-cp311-manylinux2014_x86_64.manylinux_2_17_x86_64.manylinux_2_28_x86_64.whl (423 kB)
Using cached pillow-12.2.0-cp311-cp311-manylinux_2_27_x86_64.manylinux_2_28_x86_64.whl (7.1 MB)
Using cached platformdirs-4.10.0-py3-none-any.whl (22 kB)
Using cached setproctitle-1.3.7-cp311-cp311-manylinux1_x86_64.manylinux_2_28_x86_64.manylinux_2_5_x86_64.whl (32 kB)
Using cached types_requests-2.33.0.20260518-py3-none-any.whl (21 kB)
Building wheels for collected packages: boltz
  Building editable for boltz (pyproject.toml): started
  Building editable for boltz (pyproject.toml): finished with status 'done'
  Created wheel for boltz: filename=boltz-2.2.1-0.editable-py3-none-any.whl size=5535 sha256=d3363f5701d3b8086b7e51b8d9638b17138fca25c14921e0a4bfd5318596d280
  Stored in directory: /tmp/pip-ephem-wheel-cache-ggrwc985/wheels/ed/a9/42/5996aefa5e890a3e44195b76b098d327b404b9a0e35c4c3d06
Successfully built boltz
Installing collected packages: dm-tree, antlr4-python3-runtime, urllib3, tqdm, threadpoolctl, smmap, six, setproctitle, pyyaml, psutil, protobuf, propcache, platformdirs, Pillow, numpy, multidict, msgpack, mashumaro, llvmlite, lightning-utilities, joblib, idna, gemmi, frozenlist, frozendict, einops, click, charset-normalizer, certifi, attrs, aiohappyeyeballs, yarl, types-requests, sentry-sdk, scipy, requests, rdkit, python-dateutil, omegaconf, numba, ihm, gitdb, einx, docker-pycreds, biopython, aiosignal, scikit-learn, pandas, modelcif, hydra-core, gitpython, chembl_structure_pipeline, aiohttp, wandb, torchmetrics, fairscale, pytorch-lightning, boltz

Successfully installed Pillow-12.2.0 aiohappyeyeballs-2.6.2 aiohttp-3.14.1 aiosignal-1.4.0 antlr4-python3-runtime-4.9.3 attrs-26.1.0 biopython-1.84 boltz-2.2.1 certifi-2026.6.17 charset-normalizer-3.4.7 chembl_structure_pipeline-1.2.2 click-8.1.7 dm-tree-0.1.8 docker-pycreds-0.4.0 einops-0.8.0 einx-0.3.0 fairscale-0.4.13 frozendict-2.4.7 frozenlist-1.8.0 gemmi-0.6.5 gitdb-4.0.12 gitpython-3.1.50 hydra-core-1.3.2 idna-3.18 ihm-2.11 joblib-1.5.3 lightning-utilities-0.15.3 llvmlite-0.44.0 mashumaro-3.14 modelcif-1.2 msgpack-1.2.1 multidict-6.7.1 numba-0.61.0 numpy-1.26.4 omegaconf-2.3.1 pandas-3.0.4 platformdirs-4.10.0 propcache-0.5.2 protobuf-5.29.6 psutil-7.2.2 python-dateutil-2.9.0.post0 pytorch-lightning-2.5.0 pyyaml-6.0.2 rdkit-2026.3.3 requests-2.32.3 scikit-learn-1.6.1 scipy-1.13.1 sentry-sdk-2.63.0 setproctitle-1.3.7 six-1.17.0 smmap-5.0.3 threadpoolctl-3.6.0 torchmetrics-1.9.0 tqdm-4.68.3 types-requests-2.33.0.20260518 urllib3-2.7.0 wandb-0.18.7 yarl-1.24.2
EXIT_STATUS=0
