I0628 18:06:51.558142 23216402371712 xla_bridge.py:895] Unable to initialize backend 'rocm': module 'jaxlib.xla_extension' has no attribute 'GpuAllocatorConfig'
I0628 18:06:51.573503 23216402371712 xla_bridge.py:895] Unable to initialize backend 'tpu': INTERNAL: Failed to open libtpu.so: libtpu.so: cannot open shared object file: No such file or directory
Traceback (most recent call last):
  File "/app/alphafold/run_alphafold.py", line 789, in <module>
    app.run(main)
  File "/alphafold3_venv/lib/python3.11/site-packages/absl/app.py", line 308, in run
    _run_main(main, args)
  File "/alphafold3_venv/lib/python3.11/site-packages/absl/app.py", line 254, in _run_main
    sys.exit(main(argv))
             ^^^^^^^^^^
  File "/app/alphafold/run_alphafold.py", line 765, in main
    _ = model_runner.model_params
        ^^^^^^^^^^^^^^^^^^^^^^^^^
  File "/usr/lib/python3.11/functools.py", line 1001, in __get__
    val = self.func(instance)
          ^^^^^^^^^^^^^^^^^^^
  File "/app/alphafold/run_alphafold.py", line 309, in model_params
    return params.get_model_haiku_params(model_dir=self._model_dir)
           ^^^^^^^^^^^^^^^^^^^^^^^^^^^^^^^^^^^^^^^^^^^^^^^^^^^^^^^^
  File "/alphafold3_venv/lib/python3.11/site-packages/alphafold3/model/params.py", line 204, in get_model_haiku_params
    model_files, is_compressed = select_model_files(model_dir)
                                 ^^^^^^^^^^^^^^^^^^^^^^^^^^^^^
  File "/alphafold3_venv/lib/python3.11/site-packages/alphafold3/model/params.py", line 178, in select_model_files
    files = [file for file in model_dir.iterdir() if file.is_file()]
            ^^^^^^^^^^^^^^^^^^^^^^^^^^^^^^^^^^^^^^^^^^^^^^^^^^^^^^^^
  File "/alphafold3_venv/lib/python3.11/site-packages/alphafold3/model/params.py", line 178, in <listcomp>
    files = [file for file in model_dir.iterdir() if file.is_file()]
            ^^^^^^^^^^^^^^^^^^^^^^^^^^^^^^^^^^^^^^^^^^^^^^^^^^^^^^^^
  File "/usr/lib/python3.11/pathlib.py", line 931, in iterdir
    for name in os.listdir(self):
                ^^^^^^^^^^^^^^^^
FileNotFoundError: [Errno 2] No such file or directory: '/public/shared/alphafold3/models'
