gpu14
GPU 0: NVIDIA GeForce RTX 3090 (UUID: GPU-dbc901ed-fa05-988a-b95b-bb0fc9183da0)
[2026-06-28 18:05:43,066][__main__][INFO] - Found GPU with device_name NVIDIA GeForce RTX 3090. Will run RFdiffusion on NVIDIA GeForce RTX 3090
Reading models from /public/home/yinyifan/protein-design/apps/RFdiffusion/rfdiffusion/inference/../../models
[2026-06-28 18:05:43,067][rfdiffusion.inference.model_runners][INFO] - Reading checkpoint from /public/home/yinyifan/protein-design/apps/RFdiffusion/rfdiffusion/inference/../../models/Base_ckpt.pt
This is inf_conf.ckpt_path
/public/home/yinyifan/protein-design/apps/RFdiffusion/rfdiffusion/inference/../../models/Base_ckpt.pt
Assembling -model, -diffuser and -preprocess configs from checkpoint
USING MODEL CONFIG: self._conf[model][n_extra_block] = 4
USING MODEL CONFIG: self._conf[model][n_main_block] = 32
USING MODEL CONFIG: self._conf[model][n_ref_block] = 4
USING MODEL CONFIG: self._conf[model][d_msa] = 256
USING MODEL CONFIG: self._conf[model][d_msa_full] = 64
USING MODEL CONFIG: self._conf[model][d_pair] = 128
USING MODEL CONFIG: self._conf[model][d_templ] = 64
USING MODEL CONFIG: self._conf[model][n_head_msa] = 8
USING MODEL CONFIG: self._conf[model][n_head_pair] = 4
USING MODEL CONFIG: self._conf[model][n_head_templ] = 4
USING MODEL CONFIG: self._conf[model][d_hidden] = 32
USING MODEL CONFIG: self._conf[model][d_hidden_templ] = 32
USING MODEL CONFIG: self._conf[model][p_drop] = 0.15
USING MODEL CONFIG: self._conf[model][SE3_param_full] = {'num_layers': 1, 'num_channels': 32, 'num_degrees': 2, 'n_heads': 4, 'div': 4, 'l0_in_features': 8, 'l0_out_features': 8, 'l1_in_features': 3, 'l1_out_features': 2, 'num_edge_features': 32}
USING MODEL CONFIG: self._conf[model][SE3_param_topk] = {'num_layers': 1, 'num_channels': 32, 'num_degrees': 2, 'n_heads': 4, 'div': 4, 'l0_in_features': 64, 'l0_out_features': 64, 'l1_in_features': 3, 'l1_out_features': 2, 'num_edge_features': 64}
USING MODEL CONFIG: self._conf[model][freeze_track_motif] = False
USING MODEL CONFIG: self._conf[model][use_motif_timestep] = True
USING MODEL CONFIG: self._conf[diffuser][T] = 50
USING MODEL CONFIG: self._conf[diffuser][b_0] = 0.01
USING MODEL CONFIG: self._conf[diffuser][b_T] = 0.07
USING MODEL CONFIG: self._conf[diffuser][schedule_type] = linear
USING MODEL CONFIG: self._conf[diffuser][so3_type] = igso3
USING MODEL CONFIG: self._conf[diffuser][crd_scale] = 0.25
USING MODEL CONFIG: self._conf[diffuser][so3_schedule_type] = linear
USING MODEL CONFIG: self._conf[diffuser][min_b] = 1.5
USING MODEL CONFIG: self._conf[diffuser][max_b] = 2.5
USING MODEL CONFIG: self._conf[diffuser][min_sigma] = 0.02
USING MODEL CONFIG: self._conf[diffuser][max_sigma] = 1.5
USING MODEL CONFIG: self._conf[preprocess][sidechain_input] = False
USING MODEL CONFIG: self._conf[preprocess][motif_sidechain_input] = True
USING MODEL CONFIG: self._conf[preprocess][d_t1d] = 22
USING MODEL CONFIG: self._conf[preprocess][d_t2d] = 44
USING MODEL CONFIG: self._conf[preprocess][prob_self_cond] = 0.5
USING MODEL CONFIG: self._conf[preprocess][str_self_cond] = True
USING MODEL CONFIG: self._conf[preprocess][predict_previous] = False
[2026-06-28 18:05:59,121][rfdiffusion.inference.model_runners][INFO] - Loading checkpoint.
[2026-06-28 18:06:02,079][rfdiffusion.diffusion][INFO] - Calculating IGSO3.
Successful diffuser __init__
[2026-06-28 18:06:06,406][__main__][INFO] - Making design /public/home/yinyifan/protein_design/examples/epitope_scaffold/e2e_20260628_180440/rfdiffusion_outputs/design_0
[2026-06-28 18:06:06,537][rfdiffusion.inference.model_runners][INFO] - Using contig: ['10-40/A163-181/10-40']
With this beta schedule (linear schedule, beta_0 = 0.04, beta_T = 0.28), alpha_bar_T = 0.00013696048699785024
[2026-06-28 18:06:06,569][rfdiffusion.inference.model_runners][INFO] - Sequence init: -----------------------------------EVNKIKSALLSTNKAVVSL--------------
[2026-06-28 18:06:08,783][rfdiffusion.inference.utils][INFO] - Sampled motif RMSD: 0.29
[2026-06-28 18:06:08,809][rfdiffusion.inference.model_runners][INFO] - Timestep 50, input to next step: -----------------------------------EVNKIKSALLSTNKAVVSL--------------
[2026-06-28 18:06:09,454][rfdiffusion.inference.utils][INFO] - Sampled motif RMSD: 0.30
[2026-06-28 18:06:09,456][rfdiffusion.inference.model_runners][INFO] - Timestep 49, input to next step: -----------------------------------EVNKIKSALLSTNKAVVSL--------------
[2026-06-28 18:06:10,389][rfdiffusion.inference.utils][INFO] - Sampled motif RMSD: 0.30
[2026-06-28 18:06:10,391][rfdiffusion.inference.model_runners][INFO] - Timestep 48, input to next step: -----------------------------------EVNKIKSALLSTNKAVVSL--------------
[2026-06-28 18:06:11,019][rfdiffusion.inference.utils][INFO] - Sampled motif RMSD: 0.29
[2026-06-28 18:06:11,021][rfdiffusion.inference.model_runners][INFO] - Timestep 47, input to next step: -----------------------------------EVNKIKSALLSTNKAVVSL--------------
[2026-06-28 18:06:11,957][rfdiffusion.inference.utils][INFO] - Sampled motif RMSD: 0.30
[2026-06-28 18:06:11,959][rfdiffusion.inference.model_runners][INFO] - Timestep 46, input to next step: -----------------------------------EVNKIKSALLSTNKAVVSL--------------
[2026-06-28 18:06:12,588][rfdiffusion.inference.utils][INFO] - Sampled motif RMSD: 0.30
[2026-06-28 18:06:12,591][rfdiffusion.inference.model_runners][INFO] - Timestep 45, input to next step: -----------------------------------EVNKIKSALLSTNKAVVSL--------------
[2026-06-28 18:06:13,060][rfdiffusion.inference.utils][INFO] - Sampled motif RMSD: 0.30
[2026-06-28 18:06:13,063][rfdiffusion.inference.model_runners][INFO] - Timestep 44, input to next step: -----------------------------------EVNKIKSALLSTNKAVVSL--------------
[2026-06-28 18:06:13,535][rfdiffusion.inference.utils][INFO] - Sampled motif RMSD: 0.31
[2026-06-28 18:06:13,538][rfdiffusion.inference.model_runners][INFO] - Timestep 43, input to next step: -----------------------------------EVNKIKSALLSTNKAVVSL--------------
[2026-06-28 18:06:14,166][rfdiffusion.inference.utils][INFO] - Sampled motif RMSD: 0.30
[2026-06-28 18:06:14,168][rfdiffusion.inference.model_runners][INFO] - Timestep 42, input to next step: -----------------------------------EVNKIKSALLSTNKAVVSL--------------
[2026-06-28 18:06:14,793][rfdiffusion.inference.utils][INFO] - Sampled motif RMSD: 0.28
[2026-06-28 18:06:14,796][rfdiffusion.inference.model_runners][INFO] - Timestep 41, input to next step: -----------------------------------EVNKIKSALLSTNKAVVSL--------------
[2026-06-28 18:06:15,268][rfdiffusion.inference.utils][INFO] - Sampled motif RMSD: 0.27
[2026-06-28 18:06:15,271][rfdiffusion.inference.model_runners][INFO] - Timestep 40, input to next step: -----------------------------------EVNKIKSALLSTNKAVVSL--------------
[2026-06-28 18:06:15,739][rfdiffusion.inference.utils][INFO] - Sampled motif RMSD: 0.26
[2026-06-28 18:06:15,742][rfdiffusion.inference.model_runners][INFO] - Timestep 39, input to next step: -----------------------------------EVNKIKSALLSTNKAVVSL--------------
[2026-06-28 18:06:16,370][rfdiffusion.inference.utils][INFO] - Sampled motif RMSD: 0.26
[2026-06-28 18:06:16,372][rfdiffusion.inference.model_runners][INFO] - Timestep 38, input to next step: -----------------------------------EVNKIKSALLSTNKAVVSL--------------
[2026-06-28 18:06:17,309][rfdiffusion.inference.utils][INFO] - Sampled motif RMSD: 0.26
[2026-06-28 18:06:17,335][rfdiffusion.inference.model_runners][INFO] - Timestep 37, input to next step: -----------------------------------EVNKIKSALLSTNKAVVSL--------------
[2026-06-28 18:06:18,162][rfdiffusion.inference.utils][INFO] - Sampled motif RMSD: 0.27
[2026-06-28 18:06:18,165][rfdiffusion.inference.model_runners][INFO] - Timestep 36, input to next step: -----------------------------------EVNKIKSALLSTNKAVVSL--------------
[2026-06-28 18:06:18,638][rfdiffusion.inference.utils][INFO] - Sampled motif RMSD: 0.30
[2026-06-28 18:06:18,640][rfdiffusion.inference.model_runners][INFO] - Timestep 35, input to next step: -----------------------------------EVNKIKSALLSTNKAVVSL--------------
[2026-06-28 18:06:19,115][rfdiffusion.inference.utils][INFO] - Sampled motif RMSD: 0.28
[2026-06-28 18:06:19,117][rfdiffusion.inference.model_runners][INFO] - Timestep 34, input to next step: -----------------------------------EVNKIKSALLSTNKAVVSL--------------
[2026-06-28 18:06:19,588][rfdiffusion.inference.utils][INFO] - Sampled motif RMSD: 0.27
[2026-06-28 18:06:19,590][rfdiffusion.inference.model_runners][INFO] - Timestep 33, input to next step: -----------------------------------EVNKIKSALLSTNKAVVSL--------------
[2026-06-28 18:06:20,064][rfdiffusion.inference.utils][INFO] - Sampled motif RMSD: 0.27
[2026-06-28 18:06:20,071][rfdiffusion.inference.model_runners][INFO] - Timestep 32, input to next step: -----------------------------------EVNKIKSALLSTNKAVVSL--------------
[2026-06-28 18:06:20,544][rfdiffusion.inference.utils][INFO] - Sampled motif RMSD: 0.27
[2026-06-28 18:06:20,546][rfdiffusion.inference.model_runners][INFO] - Timestep 31, input to next step: -----------------------------------EVNKIKSALLSTNKAVVSL--------------
[2026-06-28 18:06:21,020][rfdiffusion.inference.utils][INFO] - Sampled motif RMSD: 0.26
[2026-06-28 18:06:21,022][rfdiffusion.inference.model_runners][INFO] - Timestep 30, input to next step: -----------------------------------EVNKIKSALLSTNKAVVSL--------------
[2026-06-28 18:06:21,492][rfdiffusion.inference.utils][INFO] - Sampled motif RMSD: 0.28
[2026-06-28 18:06:21,494][rfdiffusion.inference.model_runners][INFO] - Timestep 29, input to next step: -----------------------------------EVNKIKSALLSTNKAVVSL--------------
[2026-06-28 18:06:21,967][rfdiffusion.inference.utils][INFO] - Sampled motif RMSD: 0.27
[2026-06-28 18:06:21,969][rfdiffusion.inference.model_runners][INFO] - Timestep 28, input to next step: -----------------------------------EVNKIKSALLSTNKAVVSL--------------
[2026-06-28 18:06:22,442][rfdiffusion.inference.utils][INFO] - Sampled motif RMSD: 0.28
[2026-06-28 18:06:22,444][rfdiffusion.inference.model_runners][INFO] - Timestep 27, input to next step: -----------------------------------EVNKIKSALLSTNKAVVSL--------------
[2026-06-28 18:06:22,917][rfdiffusion.inference.utils][INFO] - Sampled motif RMSD: 0.28
[2026-06-28 18:06:22,919][rfdiffusion.inference.model_runners][INFO] - Timestep 26, input to next step: -----------------------------------EVNKIKSALLSTNKAVVSL--------------
[2026-06-28 18:06:23,389][rfdiffusion.inference.utils][INFO] - Sampled motif RMSD: 0.27
[2026-06-28 18:06:23,391][rfdiffusion.inference.model_runners][INFO] - Timestep 25, input to next step: -----------------------------------EVNKIKSALLSTNKAVVSL--------------
[2026-06-28 18:06:23,862][rfdiffusion.inference.utils][INFO] - Sampled motif RMSD: 0.28
[2026-06-28 18:06:23,864][rfdiffusion.inference.model_runners][INFO] - Timestep 24, input to next step: -----------------------------------EVNKIKSALLSTNKAVVSL--------------
[2026-06-28 18:06:24,335][rfdiffusion.inference.utils][INFO] - Sampled motif RMSD: 0.29
[2026-06-28 18:06:24,338][rfdiffusion.inference.model_runners][INFO] - Timestep 23, input to next step: -----------------------------------EVNKIKSALLSTNKAVVSL--------------
[2026-06-28 18:06:24,808][rfdiffusion.inference.utils][INFO] - Sampled motif RMSD: 0.29
[2026-06-28 18:06:24,811][rfdiffusion.inference.model_runners][INFO] - Timestep 22, input to next step: -----------------------------------EVNKIKSALLSTNKAVVSL--------------
[2026-06-28 18:06:25,280][rfdiffusion.inference.utils][INFO] - Sampled motif RMSD: 0.29
[2026-06-28 18:06:25,283][rfdiffusion.inference.model_runners][INFO] - Timestep 21, input to next step: -----------------------------------EVNKIKSALLSTNKAVVSL--------------
[2026-06-28 18:06:25,751][rfdiffusion.inference.utils][INFO] - Sampled motif RMSD: 0.31
[2026-06-28 18:06:25,754][rfdiffusion.inference.model_runners][INFO] - Timestep 20, input to next step: -----------------------------------EVNKIKSALLSTNKAVVSL--------------
[2026-06-28 18:06:26,225][rfdiffusion.inference.utils][INFO] - Sampled motif RMSD: 0.29
[2026-06-28 18:06:26,227][rfdiffusion.inference.model_runners][INFO] - Timestep 19, input to next step: -----------------------------------EVNKIKSALLSTNKAVVSL--------------
[2026-06-28 18:06:26,698][rfdiffusion.inference.utils][INFO] - Sampled motif RMSD: 0.29
[2026-06-28 18:06:26,700][rfdiffusion.inference.model_runners][INFO] - Timestep 18, input to next step: -----------------------------------EVNKIKSALLSTNKAVVSL--------------
[2026-06-28 18:06:27,172][rfdiffusion.inference.utils][INFO] - Sampled motif RMSD: 0.29
[2026-06-28 18:06:27,174][rfdiffusion.inference.model_runners][INFO] - Timestep 17, input to next step: -----------------------------------EVNKIKSALLSTNKAVVSL--------------
[2026-06-28 18:06:27,642][rfdiffusion.inference.utils][INFO] - Sampled motif RMSD: 0.28
[2026-06-28 18:06:27,644][rfdiffusion.inference.model_runners][INFO] - Timestep 16, input to next step: -----------------------------------EVNKIKSALLSTNKAVVSL--------------
[2026-06-28 18:06:28,114][rfdiffusion.inference.utils][INFO] - Sampled motif RMSD: 0.29
[2026-06-28 18:06:28,117][rfdiffusion.inference.model_runners][INFO] - Timestep 15, input to next step: -----------------------------------EVNKIKSALLSTNKAVVSL--------------
[2026-06-28 18:06:28,587][rfdiffusion.inference.utils][INFO] - Sampled motif RMSD: 0.29
[2026-06-28 18:06:28,589][rfdiffusion.inference.model_runners][INFO] - Timestep 14, input to next step: -----------------------------------EVNKIKSALLSTNKAVVSL--------------
[2026-06-28 18:06:29,061][rfdiffusion.inference.utils][INFO] - Sampled motif RMSD: 0.29
[2026-06-28 18:06:29,063][rfdiffusion.inference.model_runners][INFO] - Timestep 13, input to next step: -----------------------------------EVNKIKSALLSTNKAVVSL--------------
[2026-06-28 18:06:29,532][rfdiffusion.inference.utils][INFO] - Sampled motif RMSD: 0.30
[2026-06-28 18:06:29,534][rfdiffusion.inference.model_runners][INFO] - Timestep 12, input to next step: -----------------------------------EVNKIKSALLSTNKAVVSL--------------
[2026-06-28 18:06:30,002][rfdiffusion.inference.utils][INFO] - Sampled motif RMSD: 0.30
[2026-06-28 18:06:30,005][rfdiffusion.inference.model_runners][INFO] - Timestep 11, input to next step: -----------------------------------EVNKIKSALLSTNKAVVSL--------------
[2026-06-28 18:06:30,577][rfdiffusion.inference.utils][INFO] - Sampled motif RMSD: 0.29
[2026-06-28 18:06:30,580][rfdiffusion.inference.model_runners][INFO] - Timestep 10, input to next step: -----------------------------------EVNKIKSALLSTNKAVVSL--------------
[2026-06-28 18:06:31,048][rfdiffusion.inference.utils][INFO] - Sampled motif RMSD: 0.29
[2026-06-28 18:06:31,051][rfdiffusion.inference.model_runners][INFO] - Timestep 9, input to next step: -----------------------------------EVNKIKSALLSTNKAVVSL--------------
[2026-06-28 18:06:31,517][rfdiffusion.inference.utils][INFO] - Sampled motif RMSD: 0.29
[2026-06-28 18:06:31,520][rfdiffusion.inference.model_runners][INFO] - Timestep 8, input to next step: -----------------------------------EVNKIKSALLSTNKAVVSL--------------
[2026-06-28 18:06:31,989][rfdiffusion.inference.utils][INFO] - Sampled motif RMSD: 0.30
[2026-06-28 18:06:31,992][rfdiffusion.inference.model_runners][INFO] - Timestep 7, input to next step: -----------------------------------EVNKIKSALLSTNKAVVSL--------------
[2026-06-28 18:06:32,463][rfdiffusion.inference.utils][INFO] - Sampled motif RMSD: 0.29
[2026-06-28 18:06:32,465][rfdiffusion.inference.model_runners][INFO] - Timestep 6, input to next step: -----------------------------------EVNKIKSALLSTNKAVVSL--------------
[2026-06-28 18:06:32,936][rfdiffusion.inference.utils][INFO] - Sampled motif RMSD: 0.29
[2026-06-28 18:06:32,938][rfdiffusion.inference.model_runners][INFO] - Timestep 5, input to next step: -----------------------------------EVNKIKSALLSTNKAVVSL--------------
[2026-06-28 18:06:33,404][rfdiffusion.inference.utils][INFO] - Sampled motif RMSD: 0.29
[2026-06-28 18:06:33,407][rfdiffusion.inference.model_runners][INFO] - Timestep 4, input to next step: -----------------------------------EVNKIKSALLSTNKAVVSL--------------
[2026-06-28 18:06:33,878][rfdiffusion.inference.utils][INFO] - Sampled motif RMSD: 0.29
[2026-06-28 18:06:33,880][rfdiffusion.inference.model_runners][INFO] - Timestep 3, input to next step: -----------------------------------EVNKIKSALLSTNKAVVSL--------------
[2026-06-28 18:06:34,350][rfdiffusion.inference.utils][INFO] - Sampled motif RMSD: 0.28
[2026-06-28 18:06:34,352][rfdiffusion.inference.model_runners][INFO] - Timestep 2, input to next step: -----------------------------------EVNKIKSALLSTNKAVVSL--------------
[2026-06-28 18:06:35,480][__main__][INFO] - Finished design in 0.48 minutes
