gpu14
GPU 0: NVIDIA GeForce RTX 3090 (UUID: GPU-dbc901ed-fa05-988a-b95b-bb0fc9183da0)
[2026-06-28 19:41:59,317][inference.model_runners][INFO] - Reading checkpoint from /public/home/yinyifan/protein_design/weights/RFDiffusionAA_paper_weights.pt
loading /public/home/yinyifan/protein_design/weights/RFDiffusionAA_paper_weights.pt
loaded /public/home/yinyifan/protein_design/weights/RFDiffusionAA_paper_weights.pt
OVERRIDING: You are changing diffuser.T from the value this model was trained with.
[2026-06-28 19:42:09,289][inference.model_runners][INFO] - Loading checkpoint.
[2026-06-28 19:42:09,477][diffusion][INFO] - Using cached IGSO3.
[2026-06-28 19:42:09,621][__main__][INFO] - Making design /public/home/yinyifan/protein_design/examples/epitope_scaffold/rfdiffusion_all_atom_smoke_5tpn_20260628_194145/rfdiffusion_outputs/design_0
[2026-06-28 19:42:09,622][__main__][INFO] - making design 0 of 0:1
[2026-06-28 19:42:09,622][inference.model_runners][INFO] - Using contig: ['10-40,A163-181,10-40']
With this beta schedule (linear schedule, beta_0 = 0.02, beta_T = 0.14), alpha_bar_T = 0.00022250170877669007
Using cached chi_beta_T dictionary.
Done calculating chi_beta_T, chi_alphas_T, and chi_abars_T dictionaries.
[2026-06-28 19:42:14,459][inference.model_runners][INFO] - 19:42:14: Timestep 100, current sequence: ????????????????????????????????????AEVNKIKSALLSTNKAVVSL??????????????????????
[2026-06-28 19:42:15,300][inference.model_runners][INFO] - 19:42:15: Timestep 99, current sequence: ?????????????????????????????????????EVNKIKSALLSTNKAVVSL??????????????????????
[2026-06-28 19:42:16,102][inference.model_runners][INFO] - 19:42:16: Timestep 98, current sequence: ?????????????????????????????????????EVNKIKSALLSTNKAVVSL??????????????????????
[2026-06-28 19:42:16,902][inference.model_runners][INFO] - 19:42:16: Timestep 97, current sequence: ?????????????????????????????????????EVNKIKSALLSTNKAVVSL??????????????????????
[2026-06-28 19:42:17,701][inference.model_runners][INFO] - 19:42:17: Timestep 96, current sequence: ?????????????????????????????????????EVNKIKSALLSTNKAVVSL??????????????????????
[2026-06-28 19:42:18,503][inference.model_runners][INFO] - 19:42:18: Timestep 95, current sequence: ?????????????????????????????????????EVNKIKSALLSTNKAVVSL??????????????????????
[2026-06-28 19:42:19,302][inference.model_runners][INFO] - 19:42:19: Timestep 94, current sequence: ?????????????????????????????????????EVNKIKSALLSTNKAVVSL??????????????????????
[2026-06-28 19:42:20,101][inference.model_runners][INFO] - 19:42:20: Timestep 93, current sequence: ?????????????????????????????????????EVNKIKSALLSTNKAVVSL??????????????????????
[2026-06-28 19:42:20,902][inference.model_runners][INFO] - 19:42:20: Timestep 92, current sequence: ?????????????????????????????????????EVNKIKSALLSTNKAVVSL??????????????????????
[2026-06-28 19:42:21,702][inference.model_runners][INFO] - 19:42:21: Timestep 91, current sequence: ?????????????????????????????????????EVNKIKSALLSTNKAVVSL??????????????????????
[2026-06-28 19:42:22,503][inference.model_runners][INFO] - 19:42:22: Timestep 90, current sequence: ?????????????????????????????????????EVNKIKSALLSTNKAVVSL??????????????????????
[2026-06-28 19:42:23,303][inference.model_runners][INFO] - 19:42:23: Timestep 89, current sequence: ?????????????????????????????????????EVNKIKSALLSTNKAVVSL??????????????????????
[2026-06-28 19:42:24,103][inference.model_runners][INFO] - 19:42:24: Timestep 88, current sequence: ?????????????????????????????????????EVNKIKSALLSTNKAVVSL??????????????????????
[2026-06-28 19:42:24,905][inference.model_runners][INFO] - 19:42:24: Timestep 87, current sequence: ?????????????????????????????????????EVNKIKSALLSTNKAVVSL??????????????????????
[2026-06-28 19:42:25,707][inference.model_runners][INFO] - 19:42:25: Timestep 86, current sequence: ?????????????????????????????????????EVNKIKSALLSTNKAVVSL??????????????????????
[2026-06-28 19:42:26,507][inference.model_runners][INFO] - 19:42:26: Timestep 85, current sequence: ?????????????????????????????????????EVNKIKSALLSTNKAVVSL??????????????????????
[2026-06-28 19:42:27,306][inference.model_runners][INFO] - 19:42:27: Timestep 84, current sequence: ?????????????????????????????????????EVNKIKSALLSTNKAVVSL??????????????????????
[2026-06-28 19:42:28,105][inference.model_runners][INFO] - 19:42:28: Timestep 83, current sequence: ?????????????????????????????????????EVNKIKSALLSTNKAVVSL??????????????????????
[2026-06-28 19:42:28,904][inference.model_runners][INFO] - 19:42:28: Timestep 82, current sequence: ?????????????????????????????????????EVNKIKSALLSTNKAVVSL??????????????????????
[2026-06-28 19:42:29,704][inference.model_runners][INFO] - 19:42:29: Timestep 81, current sequence: ?????????????????????????????????????EVNKIKSALLSTNKAVVSL??????????????????????
[2026-06-28 19:42:30,504][inference.model_runners][INFO] - 19:42:30: Timestep 80, current sequence: ?????????????????????????????????????EVNKIKSALLSTNKAVVSL??????????????????????
[2026-06-28 19:42:31,305][inference.model_runners][INFO] - 19:42:31: Timestep 79, current sequence: ?????????????????????????????????????EVNKIKSALLSTNKAVVSL??????????????????????
[2026-06-28 19:42:32,106][inference.model_runners][INFO] - 19:42:32: Timestep 78, current sequence: ?????????????????????????????????????EVNKIKSALLSTNKAVVSL??????????????????????
[2026-06-28 19:42:32,906][inference.model_runners][INFO] - 19:42:32: Timestep 77, current sequence: ????????????????????????????????????AEVNKIKSALLSTNKAVVSL??????????????????????
[2026-06-28 19:42:33,710][inference.model_runners][INFO] - 19:42:33: Timestep 76, current sequence: ?????????????????????????????????????EVNKIKSALLSTNKAVVSL??????????????????????
[2026-06-28 19:42:34,511][inference.model_runners][INFO] - 19:42:34: Timestep 75, current sequence: ?????????????????????????????????????EVNKIKSALLSTNKAVVSL??????????????????????
[2026-06-28 19:42:35,311][inference.model_runners][INFO] - 19:42:35: Timestep 74, current sequence: ????????????????????????????????????AEVNKIKSALLSTNKAVVSL??????????????????????
[2026-06-28 19:42:36,110][inference.model_runners][INFO] - 19:42:36: Timestep 73, current sequence: ????????????????????????????????????AEVNKIKSALLSTNKAVVSLE?????????????????????
[2026-06-28 19:42:36,908][inference.model_runners][INFO] - 19:42:36: Timestep 72, current sequence: ????????????????????????????????????AEVNKIKSALLSTNKAVVSLE?????????????????????
[2026-06-28 19:42:37,706][inference.model_runners][INFO] - 19:42:37: Timestep 71, current sequence: ?????????????????????????????????????EVNKIKSALLSTNKAVVSLE?????????????????????
[2026-06-28 19:42:38,505][inference.model_runners][INFO] - 19:42:38: Timestep 70, current sequence: ????????????????????????????????????AEVNKIKSALLSTNKAVVSLE?????????????????????
[2026-06-28 19:42:39,304][inference.model_runners][INFO] - 19:42:39: Timestep 69, current sequence: ????????????????????????????????????AEVNKIKSALLSTNKAVVSLE?????????????????????
[2026-06-28 19:42:40,104][inference.model_runners][INFO] - 19:42:40: Timestep 68, current sequence: ????????????????????????????????????AEVNKIKSALLSTNKAVVSLE?????????D???????????
[2026-06-28 19:42:40,903][inference.model_runners][INFO] - 19:42:40: Timestep 67, current sequence: ????????????????????????????????????AEVNKIKSALLSTNKAVVSLE?????????D???????????
[2026-06-28 19:42:41,703][inference.model_runners][INFO] - 19:42:41: Timestep 66, current sequence: ????????????????????????????G???????AEVNKIKSALLSTNKAVVSLE?????????????????????
[2026-06-28 19:42:42,505][inference.model_runners][INFO] - 19:42:42: Timestep 65, current sequence: ??????????????D?????????????G???????AEVNKIKSALLSTNKAVVSLL?????????E???????????
[2026-06-28 19:42:43,305][inference.model_runners][INFO] - 19:42:43: Timestep 64, current sequence: ?????????????G??????????????G???????AEVNKIKSALLSTNKAVVSLE?????????E???????????
[2026-06-28 19:42:44,104][inference.model_runners][INFO] - 19:42:44: Timestep 63, current sequence: ??????????????D?????????????????????AEVNKIKSALLSTNKAVVSLL?????????E???????????
[2026-06-28 19:42:44,904][inference.model_runners][INFO] - 19:42:44: Timestep 62, current sequence: ????????????????????????????G???????AEVNKIKSALLSTNKAVVSLL?????????E???????????
[2026-06-28 19:42:45,702][inference.model_runners][INFO] - 19:42:45: Timestep 61, current sequence: ????????????????????????????G???????AEVNKIKSALLSTNKAVVSLE?????????E???????????
[2026-06-28 19:42:46,499][inference.model_runners][INFO] - 19:42:46: Timestep 60, current sequence: ?????????????????S??????????G???????AEVNKIKSALLSTNKAVVSLS?????????????????????
[2026-06-28 19:42:47,297][inference.model_runners][INFO] - 19:42:47: Timestep 59, current sequence: ????????????????????????????G???????AEVNKIKSALLSTNKAVVSLE?????????????????????
[2026-06-28 19:42:48,096][inference.model_runners][INFO] - 19:42:48: Timestep 58, current sequence: ?????????????????G??S???????G???????AEVNKIKSALLSTNKAVVSLS?????????????????????
[2026-06-28 19:42:48,895][inference.model_runners][INFO] - 19:42:48: Timestep 57, current sequence: ???S?????????????D??G???????G???????AEVNKIKSALLSTNKAVVSLE?????????????????????
[2026-06-28 19:42:49,694][inference.model_runners][INFO] - 19:42:49: Timestep 56, current sequence: ?????????????????D??G??????GG???????AEVNKIKSALLSTNKAVVSLE???????????G?????????
[2026-06-28 19:42:50,484][inference.model_runners][INFO] - 19:42:50: Timestep 55, current sequence: ?????????????????D??G??????GG???????AEVNKIKSALLSTNKAVVSLE???????????G?????????
[2026-06-28 19:42:51,283][inference.model_runners][INFO] - 19:42:51: Timestep 54, current sequence: ?????????????????D??G??????GG??????LAEVNKIKSALLSTNKAVVSLE?G?????????G?????????
[2026-06-28 19:42:52,082][inference.model_runners][INFO] - 19:42:52: Timestep 53, current sequence: ????L????????????D??G??????GG?L?????AEVNKIKSALLSTNKAVVSLE???????????G?????????
[2026-06-28 19:42:52,881][inference.model_runners][INFO] - 19:42:52: Timestep 52, current sequence: ?????????????????D??G??????GG??????AAEVNKIKSALLSTNKAVVSLE???????????G?????????
[2026-06-28 19:42:53,682][inference.model_runners][INFO] - 19:42:53: Timestep 51, current sequence: ????T????????QD??D??G??L???GG???????AEVNKIKSALLSTNKAVVSLE?????????E???????????
[2026-06-28 19:42:54,482][inference.model_runners][INFO] - 19:42:54: Timestep 50, current sequence: ??T?T???????LQ???D??G??????GG??????AAEVNKIKSALLSTNKAVVSLE?????????E???????????
[2026-06-28 19:42:55,283][inference.model_runners][INFO] - 19:42:55: Timestep 49, current sequence: ??T?T??????QLQ???D??G?L????GG??????LAEVNKIKSALLSTNKAVVSLS?????????E???????????
[2026-06-28 19:42:56,083][inference.model_runners][INFO] - 19:42:56: Timestep 48, current sequence: ??T?T??????QLQ???D??G?L????GG??????LAEVNKIKSALLSTNKAVVSLE?????????????????????
[2026-06-28 19:42:56,885][inference.model_runners][INFO] - 19:42:56: Timestep 47, current sequence: ???AT??????T?????D??G?LL?L?GGL?????AAEVNKIKSALLSTNKAVVSLE???????????G?????????
[2026-06-28 19:42:57,685][inference.model_runners][INFO] - 19:42:57: Timestep 46, current sequence: ??SAT??????TLQ???G??G?LL?L?GEL??????AEVNKIKSALLSTNKAVVSLE?????????????????????
[2026-06-28 19:42:58,487][inference.model_runners][INFO] - 19:42:58: Timestep 45, current sequence: ??SAT??????TL????GL?G?LL???GQ???????AEVNKIKSALLSTNKAVVSLE???????????G?????????
[2026-06-28 19:42:59,288][inference.model_runners][INFO] - 19:42:59: Timestep 44, current sequence: ??S?TL?????TL????G??G?LL?L?GQ??????AAEVNKIKSALLSTNKAVVSLE???????????G?????????
[2026-06-28 19:43:00,087][inference.model_runners][INFO] - 19:43:00: Timestep 43, current sequence: ??TLTL?????T?????G??G?TL???GE???????AEVNKIKSALLSTNKAVVSLE???????????G?????????
[2026-06-28 19:43:00,886][inference.model_runners][INFO] - 19:43:00: Timestep 42, current sequence: ??TLTL?????TLE???G??G??L???GG???????AEVNKIKSALLSTNKAVVSLE???????????G?????????
[2026-06-28 19:43:01,686][inference.model_runners][INFO] - 19:43:01: Timestep 41, current sequence: ??TLTL?????TLQ???G??G??L???GE???????AEVNKIKSALLSTNKAVVSLE???????????G?????????
[2026-06-28 19:43:02,487][inference.model_runners][INFO] - 19:43:02: Timestep 40, current sequence: ??TLTL?????TLGD??G??G?TL???GG????L??AEVNKIKSALLSTNKAVVSLE???????????G?L???????
[2026-06-28 19:43:03,287][inference.model_runners][INFO] - 19:43:03: Timestep 39, current sequence: ??TLTLV?????LG???G??G?TL???GG???????AEVNKIKSALLSTNKAVVSLE???????????G?L???????
[2026-06-28 19:43:04,088][inference.model_runners][INFO] - 19:43:04: Timestep 38, current sequence: ??TLTLV??????G???D??G??L???G???V????AEVNKIKSALLSTNKAVVSLE???????????G?L???????
[2026-06-28 19:43:04,887][inference.model_runners][INFO] - 19:43:04: Timestep 37, current sequence: ??TLTLV?????AQ??????G?TL???G???L????AEVNKIKSALLSTNKAVVSLE???????????G?L???????
[2026-06-28 19:43:05,687][inference.model_runners][INFO] - 19:43:05: Timestep 36, current sequence: ??TLT?V?????AQ??????G??L???G???L???AAEVNKIKSALLSTNKAVVSLE???????????G?L???????
[2026-06-28 19:43:06,487][inference.model_runners][INFO] - 19:43:06: Timestep 35, current sequence: ??TLTLV?????AQS?????G??L?L?G???L???AAEVNKIKSALLSTNKAVVSLE?G?????????G?L???????
[2026-06-28 19:43:07,288][inference.model_runners][INFO] - 19:43:07: Timestep 34, current sequence: ??TLTLV?????AQ??????G?TL???G???L???AAEVNKIKSALLSTNKAVVSLE?G?????????G?L?L?????
[2026-06-28 19:43:08,089][inference.model_runners][INFO] - 19:43:08: Timestep 33, current sequence: ??TLT?V?????AQS??D??G?TL???G???L???AAEVNKIKSALLSTNKAVVSLE?G????????GG?L?L?????
[2026-06-28 19:43:08,890][inference.model_runners][INFO] - 19:43:08: Timestep 32, current sequence: ???LT?V?????AQS?????G?T????G???L???AAEVNKIKSALLSTNKAVVSLE?G????????GG?L?L?????
[2026-06-28 19:43:09,692][inference.model_runners][INFO] - 19:43:09: Timestep 31, current sequence: ??TLT?V?????AQS??G??G?TL???G???L???AAEVNKIKSALLSTNKAVVSLS?G????????GS?L???????
[2026-06-28 19:43:10,490][inference.model_runners][INFO] - 19:43:10: Timestep 30, current sequence: ??T?T?V????Q?QS??G??G?T??L?G???????AAEVNKIKSALLSTNKAVVSLS?G????????GS?L?L?????
[2026-06-28 19:43:11,289][inference.model_runners][INFO] - 19:43:11: Timestep 29, current sequence: ????T?V????Q?QS??G??G?T??L?G???????AAEVNKIKSALLSTNKAVVSLE?G????????GS?L???????
[2026-06-28 19:43:12,089][inference.model_runners][INFO] - 19:43:12: Timestep 28, current sequence: ????T?V????Q?QS??G??G?T????G???????AAEVNKIKSALLSTNKAVVSLE?G?????????G?L???????
[2026-06-28 19:43:12,891][inference.model_runners][INFO] - 19:43:12: Timestep 27, current sequence: ????S?V????Q?QQ??G??G?T????G???????EAEVNKIKSALLSTNKAVVSLQ?G?????G???G?????????
[2026-06-28 19:43:13,692][inference.model_runners][INFO] - 19:43:13: Timestep 26, current sequence: ????S?L????Q?SS??G??G?T????G???????AAEVNKIKSALLSTNKAVVSLQ?G?????G???G?L???????
[2026-06-28 19:43:14,493][inference.model_runners][INFO] - 19:43:14: Timestep 25, current sequence: ??T?SML??V?Q?SS??G??G?TL??SG???????EAEVNKIKSALLSTNKAVVSLE?G?????G???G?L???????
[2026-06-28 19:43:15,295][inference.model_runners][INFO] - 19:43:15: Timestep 24, current sequence: ??T?SML??A?Q?SS??G??G?TL??GGQ??????AAEVNKIKSALLSTNKAVVSLK?G?????G???G?????????
[2026-06-28 19:43:16,095][inference.model_runners][INFO] - 19:43:16: Timestep 23, current sequence: ????SML??A?Q?SQ??G??G?TL??SG???????AAEVNKIKSALLSTNKAVVSLK?G???V?G???G???L?????
[2026-06-28 19:43:16,896][inference.model_runners][INFO] - 19:43:16: Timestep 22, current sequence: ????SM???A?Q?SQ??G??G?TLQ?SA???????AAEVNKIKSALLSTNKAVVSLQ?G???V?G???G???L?????
[2026-06-28 19:43:17,695][inference.model_runners][INFO] - 19:43:17: Timestep 21, current sequence: ????SM???A?Q?SQ??GL?G?TLQ?SG???????AAEVNKIKSALLSTNKAVVSLQ?G???V?G???G???L?????
[2026-06-28 19:43:18,494][inference.model_runners][INFO] - 19:43:18: Timestep 20, current sequence: ????SM???A?Q?SQ?SGL?G?MLQ?SG???????AAEVNKIKSALLSTNKAVVSLA?G?????G???G???L?????
[2026-06-28 19:43:19,293][inference.model_runners][INFO] - 19:43:19: Timestep 19, current sequence: ?????????A?Q?SQ?SGL?G?MLQ?SG????????AEVNKIKSALLSTNKAVVSLA?G???S?G???G???L?????
[2026-06-28 19:43:20,094][inference.model_runners][INFO] - 19:43:20: Timestep 18, current sequence: ?????????A?S?QQ?SGL?G?MLQ?SG???????AAEVNKIKSALLSTNKAVVSLA?G?????G???G?????????
[2026-06-28 19:43:20,894][inference.model_runners][INFO] - 19:43:20: Timestep 17, current sequence: ?????????A?S?SQ??GL?G?LLQ?SG?L????S?AEVNKIKSALLSTNKAVVSLA?G???S?G???G??L????E?
[2026-06-28 19:43:21,695][inference.model_runners][INFO] - 19:43:21: Timestep 16, current sequence: ?????????A?S?QQ??G??G?LLQ?SA????????AEVNKIKSALLSTNKAVVSLA?G?????G??GG?????????
[2026-06-28 19:43:22,497][inference.model_runners][INFO] - 19:43:22: Timestep 15, current sequence: ????G????A?Q?SQ??SL?G?LLQ?SA?L??????AEVNKIKSALLSTNKAVVSLA?G?????G??GG?????????
[2026-06-28 19:43:23,298][inference.model_runners][INFO] - 19:43:23: Timestep 14, current sequence: ?????????A?Q?SQ?SS??G?LLQ?GA?L??????AEVNKIKSALLSTNKAVVSLA?G?????G???G?????????
[2026-06-28 19:43:24,099][inference.model_runners][INFO] - 19:43:24: Timestep 13, current sequence: ?????????A?S?SQ?SSL?G??LQ?GA?L??????AEVNKIKSALLSTNKAVVSLA?G???S?G??GG?????????
[2026-06-28 19:43:24,900][inference.model_runners][INFO] - 19:43:24: Timestep 12, current sequence: ?????????A?S?SS?SSL?G??LQ?GA?L???L??AEVNKIKSALLSTNKAVVSLA?G?????G???G??L??????
[2026-06-28 19:43:25,700][inference.model_runners][INFO] - 19:43:25: Timestep 11, current sequence: ?????????A?S?SQ?SSL?A?SLS?GA?A??????AEVNKIKSALLSTNKAVVSLA?G?????G??GG??????SE?
[2026-06-28 19:43:26,499][inference.model_runners][INFO] - 19:43:26: Timestep 10, current sequence: ?????????A?A?SQ?SA??A?SLS?GE?L???L??AEVNKIKSALLSTNKAVVSLA?G?????G???G?????????
[2026-06-28 19:43:27,298][inference.model_runners][INFO] - 19:43:27: Timestep 9, current sequence: ????S????A?S?SQ?SAL?A?S?S?GA?L??????AEVNKIKSALLSTNKAVVSLK?G?????G???G??Q??????
[2026-06-28 19:43:28,098][inference.model_runners][INFO] - 19:43:28: Timestep 8, current sequence: ?????????A?S?SS?SAL?A?S???GE?L??????AEVNKIKSALLSTNKAVVSLA?G?????G???G??????SE?
[2026-06-28 19:43:28,901][inference.model_runners][INFO] - 19:43:28: Timestep 7, current sequence: ?????????A?S?SS?SAL?ASS???GA?A??????SEVNKIKSALLSTNKAVVSLK?G?????G???G??L???SE?
[2026-06-28 19:43:29,700][inference.model_runners][INFO] - 19:43:29: Timestep 6, current sequence: ??S?S????A?S?SS?SAL?GSA?S?GESA??????SEVNKIKSALLSTNKAVVSLK?G?????G???G??????SE?
[2026-06-28 19:43:30,497][inference.model_runners][INFO] - 19:43:30: Timestep 5, current sequence: ??S?SA???SSS?SS?SSL?ASA?S??ESA??????SEVNKIKSALLSTNKAVVSLK?G?????G???G??S????E?
[2026-06-28 19:43:31,303][inference.model_runners][INFO] - 19:43:31: Timestep 4, current sequence: ??S?SA???S?S?SS?SA??G?A?S??ESA??Q???SEVNKIKSALLSTNKAVVSLK?G?????G???G??S?S?SE?
[2026-06-28 19:43:32,105][inference.model_runners][INFO] - 19:43:32: Timestep 3, current sequence: ??S?SA???S?S?SS?SA??A?A?S??ESA??????SEVNKIKSALLSTNKAVVSLK?G?????G???G??S?S?AE?
[2026-06-28 19:43:32,906][inference.model_runners][INFO] - 19:43:32: Timestep 2, current sequence: ????S????S?S?SS?SA??A???S?GESS??????SEVNKIKSALLSTNKAVVSLK?G?????G???G????S?AA?
[2026-06-28 19:43:33,706][inference.model_runners][INFO] - 19:43:33: Timestep 1, current sequence: ??S?????SS?S?AS?SS??GSA?S?GESS??????AEVNKIKSALLSTNKAVVSLS?G?????G???G??S?S?AA?
[2026-06-28 19:43:33,708][__main__][INFO] - Finished design in 1.40 minutes
design_0.pdb	EVNKIKSALLSTNKAVVSL	/public/home/yinyifan/protein_design/examples/epitope_scaffold/rfdiffusion_all_atom_smoke_5tpn_20260628_194145/rfdiffusion_outputs/design_0.trb
backbone_generation_outputs=1
