gpu16
GPU 0: NVIDIA GeForce RTX 3090 (UUID: GPU-e1131c75-8f03-a0c0-9626-974060808b64)
----------------------------------------
chain_id_jsonl is NOT loaded
----------------------------------------
pssm_jsonl is NOT loaded
----------------------------------------
omit_AA_jsonl is NOT loaded
----------------------------------------
bias_AA_jsonl is NOT loaded
----------------------------------------
tied_positions_jsonl is NOT loaded
----------------------------------------
bias by residue dictionary is not loaded, or not provided
----------------------------------------
discarded {'bad_chars': 0, 'too_long': 0, 'bad_seq_length': 0}
----------------------------------------
Number of edges: 48
Training noise level: 0.2A
Generating sequences for: design_6
4 sequences of length 72 generated in 0.7876 seconds
