gpu14
GPU 0: NVIDIA GeForce RTX 3090 (UUID: GPU-2b32319d-51d3-8720-a43c-6e39902cc469)
Wrote 1 AF3 JSON input files to /public/home/yinyifan/protein_design/examples/epitope_scaffold/batch_stability_20260628_182526/array_work/design_1/prediction_inputs/af3

Running AlphaFold 3. Please note that standard AlphaFold 3 model parameters are
only available under terms of use provided at
https://github.com/google-deepmind/alphafold3/blob/main/WEIGHTS_TERMS_OF_USE.md.
If you do not agree to these terms and are using AlphaFold 3 derived model
parameters, cancel execution of AlphaFold 3 inference with CTRL-C, and do not
use the model parameters.

Found local devices: [CudaDevice(id=0)], using device 0: cuda:0
Building model from scratch...
Checking that model parameters can be loaded...

Running fold job design_1_T_0.1_sample_1_score_1.1123_global_score_1.4173_seq_recovery_0.0541...
Output will be written in /public/home/yinyifan/protein_design/examples/epitope_scaffold/batch_stability_20260628_182526/array_work/design_1/predictions/design_1_t_0.1_sample_1_score_1.1123_global_score_1.4173_seq_recovery_0.0541
Skipping data pipeline...
Writing model input JSON to /public/home/yinyifan/protein_design/examples/epitope_scaffold/batch_stability_20260628_182526/array_work/design_1/predictions/design_1_t_0.1_sample_1_score_1.1123_global_score_1.4173_seq_recovery_0.0541/design_1_t_0.1_sample_1_score_1.1123_global_score_1.4173_seq_recovery_0.0541_data.json
Predicting 3D structure for design_1_T_0.1_sample_1_score_1.1123_global_score_1.4173_seq_recovery_0.0541 with 1 seed(s)...
Featurising data with 1 seed(s)...
Featurising data with seed 1.
Featurising data with seed 1 took 0.88 seconds.
Featurising data with 1 seed(s) took 5.97 seconds.
Running model inference and extracting output structure samples with 1 seed(s)...
Running model inference with seed 1...
Running model inference with seed 1 took 56.26 seconds.
Extracting output structure samples with seed 1...
Extracting 5 output structure samples with seed 1 took 0.07 seconds.
Running model inference and extracting output structures with 1 seed(s) took 56.34 seconds.
Writing outputs with 1 seed(s)...
Fold job design_1_T_0.1_sample_1_score_1.1123_global_score_1.4173_seq_recovery_0.0541 done, output written to /public/home/yinyifan/protein_design/examples/epitope_scaffold/batch_stability_20260628_182526/array_work/design_1/predictions/design_1_t_0.1_sample_1_score_1.1123_global_score_1.4173_seq_recovery_0.0541

Done running 1 fold jobs.
[{"design_id": "design_1", "flat_json": "/public/home/yinyifan/protein_design/examples/epitope_scaffold/batch_stability_20260628_182526/array_work/design_1/predictions_flat/design_1.json", "flat_pdb": "/public/home/yinyifan/protein_design/examples/epitope_scaffold/batch_stability_20260628_182526/array_work/design_1/predictions_flat/design_1.pdb", "predictor": "af3", "source_json": "/public/home/yinyifan/protein_design/examples/epitope_scaffold/batch_stability_20260628_182526/array_work/design_1/predictions/design_1_t_0.1_sample_1_score_1.1123_global_score_1.4173_seq_recovery_0.0541/design_1_t_0.1_sample_1_score_1.1123_global_score_1.4173_seq_recovery_0.0541_confidences.json", "source_structure": "/public/home/yinyifan/protein_design/examples/epitope_scaffold/batch_stability_20260628_182526/array_work/design_1/predictions/design_1_t_0.1_sample_1_score_1.1123_global_score_1.4173_seq_recovery_0.0541/design_1_t_0.1_sample_1_score_1.1123_global_score_1.4173_seq_recovery_0.0541_model.cif", "structure_action": "converted_cif_to_pdb"}]
