gpu15
GPU 0: NVIDIA GeForce RTX 3090 (UUID: GPU-38182908-7ac4-b610-2c5a-d36ea9593d51)
----------------------------------------
chain_id_jsonl is NOT loaded
----------------------------------------
pssm_jsonl is NOT loaded
----------------------------------------
omit_AA_jsonl is NOT loaded
----------------------------------------
bias_AA_jsonl is NOT loaded
----------------------------------------
tied_positions_jsonl is NOT loaded
----------------------------------------
bias by residue dictionary is not loaded, or not provided
----------------------------------------
discarded {'bad_chars': 0, 'too_long': 0, 'bad_seq_length': 0}
----------------------------------------
Number of edges: 48
Training noise level: 0.2A
Generating sequences for: design_4
4 sequences of length 74 generated in 0.7979 seconds
