gpu15
GPU 0: NVIDIA GeForce RTX 3090 (UUID: GPU-38182908-7ac4-b610-2c5a-d36ea9593d51)
Wrote 1 AF3 JSON input files to /public/home/yinyifan/protein_design/examples/epitope_scaffold/batch_stability_20260628_182526/array_work/design_4/prediction_inputs/af3

Running AlphaFold 3. Please note that standard AlphaFold 3 model parameters are
only available under terms of use provided at
https://github.com/google-deepmind/alphafold3/blob/main/WEIGHTS_TERMS_OF_USE.md.
If you do not agree to these terms and are using AlphaFold 3 derived model
parameters, cancel execution of AlphaFold 3 inference with CTRL-C, and do not
use the model parameters.

Found local devices: [CudaDevice(id=0)], using device 0: cuda:0
Building model from scratch...
Checking that model parameters can be loaded...

Running fold job design_4_T_0.1_sample_2_score_1.1008_global_score_1.2908_seq_recovery_0.0364...
Output will be written in /public/home/yinyifan/protein_design/examples/epitope_scaffold/batch_stability_20260628_182526/array_work/design_4/predictions/design_4_t_0.1_sample_2_score_1.1008_global_score_1.2908_seq_recovery_0.0364
Skipping data pipeline...
Writing model input JSON to /public/home/yinyifan/protein_design/examples/epitope_scaffold/batch_stability_20260628_182526/array_work/design_4/predictions/design_4_t_0.1_sample_2_score_1.1008_global_score_1.2908_seq_recovery_0.0364/design_4_t_0.1_sample_2_score_1.1008_global_score_1.2908_seq_recovery_0.0364_data.json
Predicting 3D structure for design_4_T_0.1_sample_2_score_1.1008_global_score_1.2908_seq_recovery_0.0364 with 1 seed(s)...
Featurising data with 1 seed(s)...
Featurising data with seed 1.
Featurising data with seed 1 took 0.99 seconds.
Featurising data with 1 seed(s) took 6.07 seconds.
Running model inference and extracting output structure samples with 1 seed(s)...
Running model inference with seed 1...
Running model inference with seed 1 took 70.74 seconds.
Extracting output structure samples with seed 1...
Extracting 5 output structure samples with seed 1 took 0.08 seconds.
Running model inference and extracting output structures with 1 seed(s) took 70.82 seconds.
Writing outputs with 1 seed(s)...
Fold job design_4_T_0.1_sample_2_score_1.1008_global_score_1.2908_seq_recovery_0.0364 done, output written to /public/home/yinyifan/protein_design/examples/epitope_scaffold/batch_stability_20260628_182526/array_work/design_4/predictions/design_4_t_0.1_sample_2_score_1.1008_global_score_1.2908_seq_recovery_0.0364

Done running 1 fold jobs.
[{"design_id": "design_4", "flat_json": "/public/home/yinyifan/protein_design/examples/epitope_scaffold/batch_stability_20260628_182526/array_work/design_4/predictions_flat/design_4.json", "flat_pdb": "/public/home/yinyifan/protein_design/examples/epitope_scaffold/batch_stability_20260628_182526/array_work/design_4/predictions_flat/design_4.pdb", "predictor": "af3", "source_json": "/public/home/yinyifan/protein_design/examples/epitope_scaffold/batch_stability_20260628_182526/array_work/design_4/predictions/design_4_t_0.1_sample_2_score_1.1008_global_score_1.2908_seq_recovery_0.0364/design_4_t_0.1_sample_2_score_1.1008_global_score_1.2908_seq_recovery_0.0364_confidences.json", "source_structure": "/public/home/yinyifan/protein_design/examples/epitope_scaffold/batch_stability_20260628_182526/array_work/design_4/predictions/design_4_t_0.1_sample_2_score_1.1008_global_score_1.2908_seq_recovery_0.0364/design_4_t_0.1_sample_2_score_1.1008_global_score_1.2908_seq_recovery_0.0364_model.cif", "structure_action": "converted_cif_to_pdb"}]
